  Source.cpp
c:\users\현상엽\downloads\동국대학교\3학년 1학기\공개sw프로젝트\머신러닝_프로젝트\num_id_crawling\num_id_crawling\source.cpp(38): warning C4996: 'fopen': This function or variable may be unsafe. Consider using fopen_s instead. To disable deprecation, use _CRT_SECURE_NO_WARNINGS. See online help for details.
  c:\program files (x86)\windows kits\10\include\10.0.16299.0\ucrt\stdio.h(207): note: see declaration of 'fopen'
c:\users\현상엽\downloads\동국대학교\3학년 1학기\공개sw프로젝트\머신러닝_프로젝트\num_id_crawling\num_id_crawling\source.cpp(156): warning C4996: 'sprintf': This function or variable may be unsafe. Consider using sprintf_s instead. To disable deprecation, use _CRT_SECURE_NO_WARNINGS. See online help for details.
  c:\program files (x86)\windows kits\10\include\10.0.16299.0\ucrt\stdio.h(1772): note: see declaration of 'sprintf'
c:\users\현상엽\downloads\동국대학교\3학년 1학기\공개sw프로젝트\머신러닝_프로젝트\num_id_crawling\num_id_crawling\source.cpp(157): warning C4996: 'strcpy': This function or variable may be unsafe. Consider using strcpy_s instead. To disable deprecation, use _CRT_SECURE_NO_WARNINGS. See online help for details.
  c:\program files (x86)\windows kits\10\include\10.0.16299.0\ucrt\string.h(136): note: see declaration of 'strcpy'
c:\users\현상엽\downloads\동국대학교\3학년 1학기\공개sw프로젝트\머신러닝_프로젝트\num_id_crawling\num_id_crawling\source.cpp(158): warning C4996: 'strcat': This function or variable may be unsafe. Consider using strcat_s instead. To disable deprecation, use _CRT_SECURE_NO_WARNINGS. See online help for details.
  c:\program files (x86)\windows kits\10\include\10.0.16299.0\ucrt\string.h(93): note: see declaration of 'strcat'
c:\users\현상엽\downloads\동국대학교\3학년 1학기\공개sw프로젝트\머신러닝_프로젝트\num_id_crawling\num_id_crawling\source.cpp(159): warning C4996: 'sprintf': This function or variable may be unsafe. Consider using sprintf_s instead. To disable deprecation, use _CRT_SECURE_NO_WARNINGS. See online help for details.
  c:\program files (x86)\windows kits\10\include\10.0.16299.0\ucrt\stdio.h(1772): note: see declaration of 'sprintf'
c:\users\현상엽\downloads\동국대학교\3학년 1학기\공개sw프로젝트\머신러닝_프로젝트\num_id_crawling\num_id_crawling\source.cpp(160): warning C4996: 'strcat': This function or variable may be unsafe. Consider using strcat_s instead. To disable deprecation, use _CRT_SECURE_NO_WARNINGS. See online help for details.
  c:\program files (x86)\windows kits\10\include\10.0.16299.0\ucrt\string.h(93): note: see declaration of 'strcat'
c:\users\현상엽\downloads\동국대학교\3학년 1학기\공개sw프로젝트\머신러닝_프로젝트\num_id_crawling\num_id_crawling\source.cpp(161): warning C4996: 'strcat': This function or variable may be unsafe. Consider using strcat_s instead. To disable deprecation, use _CRT_SECURE_NO_WARNINGS. See online help for details.
  c:\program files (x86)\windows kits\10\include\10.0.16299.0\ucrt\string.h(93): note: see declaration of 'strcat'
c:\users\현상엽\downloads\동국대학교\3학년 1학기\공개sw프로젝트\머신러닝_프로젝트\num_id_crawling\num_id_crawling\source.cpp(162): warning C4996: 'strcat': This function or variable may be unsafe. Consider using strcat_s instead. To disable deprecation, use _CRT_SECURE_NO_WARNINGS. See online help for details.
  c:\program files (x86)\windows kits\10\include\10.0.16299.0\ucrt\string.h(93): note: see declaration of 'strcat'
c:\users\현상엽\downloads\동국대학교\3학년 1학기\공개sw프로젝트\머신러닝_프로젝트\num_id_crawling\num_id_crawling\source.cpp(193): warning C4996: 'strncpy': This function or variable may be unsafe. Consider using strncpy_s instead. To disable deprecation, use _CRT_SECURE_NO_WARNINGS. See online help for details.
  c:\program files (x86)\windows kits\10\include\10.0.16299.0\ucrt\string.h(343): note: see declaration of 'strncpy'
  num_id_crawling.vcxproj -> C:\Users\현상엽\Downloads\동국대학교\3학년 1학기\공개sw프로젝트\머신러닝_프로젝트\num_id_crawling\Debug\num_id_crawling.exe
